Determining if the pthread_create exist failed with the following output:
Change Dir: /home/utkarsh/catkin_ws/build/CMakeFiles/CMakeTmp

Run Build Command:"/usr/bin/make" "cmTC_56daa/fast"
/usr/bin/make -f CMakeFiles/cmTC_56daa.dir/build.make CMakeFiles/cmTC_56daa.dir/build
make[1]: Entering directory '/home/utkarsh/catkin_ws/build/CMakeFiles/CMakeTmp'
Building C object CMakeFiles/cmTC_56daa.dir/CheckSymbolExists.c.o
/usr/bin/cc    -o CMakeFiles/cmTC_56daa.dir/CheckSymbolExists.c.o   -c /home/utkarsh/catkin_ws/build/CMakeFiles/CMakeTmp/CheckSymbolExists.c
Linking C executable cmTC_56daa
/usr/bin/cmake -E cmake_link_script CMakeFiles/cmTC_56daa.dir/link.txt --verbose=1
/usr/bin/cc      -rdynamic CMakeFiles/cmTC_56daa.dir/CheckSymbolExists.c.o  -o cmTC_56daa 
CMakeFiles/cmTC_56daa.dir/CheckSymbolExists.c.o: In function `main':
CheckSymbolExists.c:(.text+0x1b): undefined reference to `pthread_create'
collect2: error: ld returned 1 exit status
CMakeFiles/cmTC_56daa.dir/build.make:97: recipe for target 'cmTC_56daa' failed
make[1]: *** [cmTC_56daa] Error 1
make[1]: Leaving directory '/home/utkarsh/catkin_ws/build/CMakeFiles/CMakeTmp'
Makefile:126: recipe for target 'cmTC_56daa/fast' failed
make: *** [cmTC_56daa/fast] Error 2

File /home/utkarsh/catkin_ws/build/CMakeFiles/CMakeTmp/CheckSymbolExists.c:
/* */
#include <pthread.h>

int main(int argc, char** argv)
{
  (void)argv;
#ifndef pthread_create
  return ((int*)(&pthread_create))[argc];
#else
  (void)argc;
  return 0;
#endif
}

Determining if the function pthread_create exists in the pthreads failed with the following output:
Change Dir: /home/utkarsh/catkin_ws/build/CMakeFiles/CMakeTmp

Run Build Command:"/usr/bin/make" "cmTC_81c01/fast"
/usr/bin/make -f CMakeFiles/cmTC_81c01.dir/build.make CMakeFiles/cmTC_81c01.dir/build
make[1]: Entering directory '/home/utkarsh/catkin_ws/build/CMakeFiles/CMakeTmp'
Building C object CMakeFiles/cmTC_81c01.dir/CheckFunctionExists.c.o
/usr/bin/cc   -DCHECK_FUNCTION_EXISTS=pthread_create   -o CMakeFiles/cmTC_81c01.dir/CheckFunctionExists.c.o   -c /usr/share/cmake-3.10/Modules/CheckFunctionExists.c
Linking C executable cmTC_81c01
/usr/bin/cmake -E cmake_link_script CMakeFiles/cmTC_81c01.dir/link.txt --verbose=1
/usr/bin/cc  -DCHECK_FUNCTION_EXISTS=pthread_create    -rdynamic CMakeFiles/cmTC_81c01.dir/CheckFunctionExists.c.o  -o cmTC_81c01 -lpthreads 
/usr/bin/ld: cannot find -lpthreads
collect2: error: ld returned 1 exit status
CMakeFiles/cmTC_81c01.dir/build.make:97: recipe for target 'cmTC_81c01' failed
make[1]: *** [cmTC_81c01] Error 1
make[1]: Leaving directory '/home/utkarsh/catkin_ws/build/CMakeFiles/CMakeTmp'
Makefile:126: recipe for target 'cmTC_81c01/fast' failed
make: *** [cmTC_81c01/fast] Error 2


